<?xml version="1.0" encoding="UTF-8"?>
<testsuite name="com.bridgelabz.RegistrationTest" tests="10" skipped="0" failures="0" errors="0" timestamp="2021-08-01T17:02:41" hostname="LAPTOP-EJ5FUF38" time="0.006">
  <properties/>
  <testcase name="givenFirstName_WhenProper_ShouldReturnTrue" classname="com.bridgelabz.RegistrationTest" time="0.002"/>
  <testcase name="givenPhoneNumber_WhenItsProper_ShouldReturnTrue" classname="com.bridgelabz.RegistrationTest" time="0.0"/>
  <testcase name="givenLastName_WhenProper_ShouldReturnFalse" classname="com.bridgelabz.RegistrationTest" time="0.001"/>
  <testcase name="givenLastName_WhenProper_ShouldReturnTrue" classname="com.bridgelabz.RegistrationTest" time="0.0"/>
  <testcase name="givenPassword_WhenProper_ShouldReturnTrue" classname="com.bridgelabz.RegistrationTest" time="0.0"/>
  <testcase name="givenPhoneNumber_WhenItsNotProper_ShouldReturnFalse" classname="com.bridgelabz.RegistrationTest" time="0.0"/>
  <testcase name="givenEmail_WhenItsNotProper_ShouldReturnFalse" classname="com.bridgelabz.RegistrationTest" time="0.0"/>
  <testcase name="givenGmail_WhenProper_ShouldReturnTrue" classname="com.bridgelabz.RegistrationTest" time="0.001"/>
  <testcase name="givenPassword_WhenItsNotProper_ShouldReturnFalse" classname="com.bridgelabz.RegistrationTest" time="0.0"/>
  <testcase name="givenFirstName_WhenProper_ShouldReturnFalse" classname="com.bridgelabz.RegistrationTest" time="0.0"/>
  <system-out><![CDATA[]]></system-out>
  <system-err><![CDATA[]]></system-err>
</testsuite>
